TN:
SF:src/ContractManager.sol
FN:54,ContractManager.updateContractDescription
FNDA:1,ContractManager.updateContractDescription
DA:58,1
BRDA:58,0,0,-
BRDA:58,0,1,1
DA:59,0
DA:62,1
DA:63,1
BRDA:61,1,0,-
BRDA:61,1,1,1
DA:65,0
DA:67,1
BRDA:67,2,0,-
BRDA:67,2,1,1
DA:68,0
DA:70,1
FN:77,ContractManager.addContractDescription
FNDA:3,ContractManager.addContractDescription
DA:81,3
FN:87,ContractManager.removeContractDescription
FNDA:1,ContractManager.removeContractDescription
DA:90,1
FN:100,ContractManager._insertContractDescription
FNDA:4,ContractManager._insertContractDescription
DA:104,4
FNF:4
FNH:4
LF:11
LH:8
BRF:6
BRH:3
end_of_record
TN:
SF:src/MultisigContract.sol
FN:97,MultisigContract.proposeAction
FNDA:13,MultisigContract.proposeAction
DA:98,13
BRDA:98,0,0,1
BRDA:98,0,1,12
DA:99,12
DA:100,12
BRDA:100,1,0,1
BRDA:100,1,1,11
DA:101,1
DA:102,11
DA:103,11
DA:105,11
FN:111,MultisigContract.approveAction
FNDA:14,MultisigContract.approveAction
DA:112,14
BRDA:112,2,0,1
BRDA:112,2,1,13
DA:113,1
DA:114,13
BRDA:114,3,0,1
BRDA:114,3,1,12
DA:115,1
DA:117,12
DA:118,12
DA:120,12
BRDA:120,4,0,6
BRDA:120,4,1,6
DA:121,6
DA:122,6
DA:124,6
DA:125,5
FN:133,MultisigContract.execute
FNDA:6,MultisigContract.execute
DA:134,6
DA:135,6
BRDA:135,5,0,1
BRDA:135,5,1,5
DA:136,5
FN:145,MultisigContract.encodeAdd
FNDA:7,MultisigContract.encodeAdd
DA:149,7
DA:150,7
FN:159,MultisigContract.encodeUpdate
FNDA:2,MultisigContract.encodeUpdate
DA:163,2
DA:164,2
FN:173,MultisigContract.encodeRemove
FNDA:2,MultisigContract.encodeRemove
DA:176,2
DA:177,2
FNF:6
FNH:6
LF:27
LH:27
BRF:12
BRH:12
end_of_record
