TN:
SF:src/ContractManager.sol
FN:57,ContractManager.updateContractDescription
FNDA:4,ContractManager.updateContractDescription
DA:61,4
BRDA:61,0,0,1
BRDA:61,0,1,3
DA:62,1
DA:65,3
DA:66,3
BRDA:64,1,0,1
BRDA:64,1,1,2
DA:68,1
DA:70,2
BRDA:70,2,0,1
BRDA:70,2,1,1
DA:71,1
DA:73,1
FN:80,ContractManager.addContractDescription
FNDA:7,ContractManager.addContractDescription
DA:84,6
FN:90,ContractManager.removeContractDescription
FNDA:1,ContractManager.removeContractDescription
DA:93,1
FN:103,ContractManager._insertContractDescription
FNDA:7,ContractManager._insertContractDescription
DA:107,7
FNF:4
FNH:4
LF:11
LH:11
BRF:6
BRH:6
end_of_record
